Log started 10/08/2015 at 09:34:24
Preferred installation mode : gtk
Trying to init installer in mode xwindow
Trying to init installer in mode text
Mode text successfully initialized
Preparing to Install
Preparing to Install
Creating directory /datalocal1/ti_components/cg_tools/linux/arp32_1.0.7
Unpacking files
Directory already exists: /datalocal1/ti_components/cg_tools/linux/arp32_1.0.7
Creating directory /datalocal1/ti_components/cg_tools/linux/arp32_1.0.7/bin
Creating directory /datalocal1/ti_components/cg_tools/linux/arp32_1.0.7/ccsprocxml
Creating directory /datalocal1/ti_components/cg_tools/linux/arp32_1.0.7/include
Creating directory /datalocal1/ti_components/cg_tools/linux/arp32_1.0.7/include/vcop
Creating directory /datalocal1/ti_components/cg_tools/linux/arp32_1.0.7/lib
Creating directory /datalocal1/ti_components/cg_tools/linux/arp32_1.0.7/lib/src
Creating directory /datalocal1/ti_components/cg_tools/linux/arp32_1.0.7/lib/src/vcop
Creating directory /datalocal1/ti_components/cg_tools/linux/arp32_1.0.7/man
Creating directory /datalocal1/ti_components/cg_tools/linux/arp32_1.0.7/man/man1
Unpacking files
Unpacking /datalocal1/ti_components/cg_tools/linux/arp32_1.0.7/DefectHistory.txt
Unpacking /datalocal1/ti_components/cg_tools/linux/arp32_1.0.7/LICENSE.txt
Unpacking /datalocal1/ti_components/cg_tools/linux/arp32_1.0.7/SPRUH23A.pdf
Unpacking /datalocal1/ti_components/cg_tools/linux/arp32_1.0.7/SPRUH24A.pdf
Unpacking /datalocal1/ti_components/cg_tools/linux/arp32_1.0.7/SPRUHB9B.pdf
Unpacking /datalocal1/ti_components/cg_tools/linux/arp32_1.0.7/README.txt
Unpacking /datalocal1/ti_components/cg_tools/linux/arp32_1.0.7/bin/abs-arp32
Unpacking /datalocal1/ti_components/cg_tools/linux/arp32_1.0.7/bin/acpia-arp32
Unpacking /datalocal1/ti_components/cg_tools/linux/arp32_1.0.7/bin/ar-arp32
Unpacking /datalocal1/ti_components/cg_tools/linux/arp32_1.0.7/bin/asm-arp32
Unpacking /datalocal1/ti_components/cg_tools/linux/arp32_1.0.7/bin/cg-arp32
Unpacking /datalocal1/ti_components/cg_tools/linux/arp32_1.0.7/bin/cl-arp32
Unpacking /datalocal1/ti_components/cg_tools/linux/arp32_1.0.7/bin/clist-arp32
Unpacking /datalocal1/ti_components/cg_tools/linux/arp32_1.0.7/bin/dem-arp32
Unpacking /datalocal1/ti_components/cg_tools/linux/arp32_1.0.7/bin/dis-arp32
Unpacking /datalocal1/ti_components/cg_tools/linux/arp32_1.0.7/bin/embed-arp32
Unpacking /datalocal1/ti_components/cg_tools/linux/arp32_1.0.7/bin/hex-arp32
Unpacking /datalocal1/ti_components/cg_tools/linux/arp32_1.0.7/bin/ilk-arp32
Unpacking /datalocal1/ti_components/cg_tools/linux/arp32_1.0.7/bin/libinfo-arp32
Unpacking /datalocal1/ti_components/cg_tools/linux/arp32_1.0.7/bin/lnk-arp32
Unpacking /datalocal1/ti_components/cg_tools/linux/arp32_1.0.7/bin/nm-arp32
Unpacking /datalocal1/ti_components/cg_tools/linux/arp32_1.0.7/bin/ofd-arp32
Unpacking /datalocal1/ti_components/cg_tools/linux/arp32_1.0.7/bin/opt-arp32
Unpacking /datalocal1/ti_components/cg_tools/linux/arp32_1.0.7/bin/strip-arp32
Unpacking /datalocal1/ti_components/cg_tools/linux/arp32_1.0.7/bin/vcc-arp32
Unpacking /datalocal1/ti_components/cg_tools/linux/arp32_1.0.7/ccsprocxml/ARP32.xml
Unpacking /datalocal1/ti_components/cg_tools/linux/arp32_1.0.7/include/_data_synch.h
Unpacking /datalocal1/ti_components/cg_tools/linux/arp32_1.0.7/include/_isfuncdcl.h
Unpacking /datalocal1/ti_components/cg_tools/linux/arp32_1.0.7/include/_isfuncdef.h
Unpacking /datalocal1/ti_components/cg_tools/linux/arp32_1.0.7/include/_lock.h
Unpacking /datalocal1/ti_components/cg_tools/linux/arp32_1.0.7/include/_mutex.h
Unpacking /datalocal1/ti_components/cg_tools/linux/arp32_1.0.7/include/_pthread.h
Unpacking /datalocal1/ti_components/cg_tools/linux/arp32_1.0.7/include/_reg_mutex_api.h
Unpacking /datalocal1/ti_components/cg_tools/linux/arp32_1.0.7/include/_reg_synch_api.h
Unpacking /datalocal1/ti_components/cg_tools/linux/arp32_1.0.7/include/_tls.h
Unpacking /datalocal1/ti_components/cg_tools/linux/arp32_1.0.7/include/access.h
Unpacking /datalocal1/ti_components/cg_tools/linux/arp32_1.0.7/include/algorithm
Unpacking /datalocal1/ti_components/cg_tools/linux/arp32_1.0.7/include/arp32.h
Unpacking /datalocal1/ti_components/cg_tools/linux/arp32_1.0.7/include/assert.h
Unpacking /datalocal1/ti_components/cg_tools/linux/arp32_1.0.7/include/bitset
Unpacking /datalocal1/ti_components/cg_tools/linux/arp32_1.0.7/include/cassert
Unpacking /datalocal1/ti_components/cg_tools/linux/arp32_1.0.7/include/cctype
Unpacking /datalocal1/ti_components/cg_tools/linux/arp32_1.0.7/include/cerrno
Unpacking /datalocal1/ti_components/cg_tools/linux/arp32_1.0.7/include/cfloat
Unpacking /datalocal1/ti_components/cg_tools/linux/arp32_1.0.7/include/ciso646
Unpacking /datalocal1/ti_components/cg_tools/linux/arp32_1.0.7/include/climits
Unpacking /datalocal1/ti_components/cg_tools/linux/arp32_1.0.7/include/clocale
Unpacking /datalocal1/ti_components/cg_tools/linux/arp32_1.0.7/include/cmath
Unpacking /datalocal1/ti_components/cg_tools/linux/arp32_1.0.7/include/complex
Unpacking /datalocal1/ti_components/cg_tools/linux/arp32_1.0.7/include/cpp_inline_math.h
Unpacking /datalocal1/ti_components/cg_tools/linux/arp32_1.0.7/include/cpy_tbl.h
Unpacking /datalocal1/ti_components/cg_tools/linux/arp32_1.0.7/include/csetjmp
Unpacking /datalocal1/ti_components/cg_tools/linux/arp32_1.0.7/include/csignal
Unpacking /datalocal1/ti_components/cg_tools/linux/arp32_1.0.7/include/cstdarg
Unpacking /datalocal1/ti_components/cg_tools/linux/arp32_1.0.7/include/cstddef
Unpacking /datalocal1/ti_components/cg_tools/linux/arp32_1.0.7/include/cstdio
Unpacking /datalocal1/ti_components/cg_tools/linux/arp32_1.0.7/include/cstdlib
Unpacking /datalocal1/ti_components/cg_tools/linux/arp32_1.0.7/include/cstring
Unpacking /datalocal1/ti_components/cg_tools/linux/arp32_1.0.7/include/ctime
Unpacking /datalocal1/ti_components/cg_tools/linux/arp32_1.0.7/include/ctype.h
Unpacking /datalocal1/ti_components/cg_tools/linux/arp32_1.0.7/include/cwchar
Unpacking /datalocal1/ti_components/cg_tools/linux/arp32_1.0.7/include/cwctype
Unpacking /datalocal1/ti_components/cg_tools/linux/arp32_1.0.7/include/deque
Unpacking /datalocal1/ti_components/cg_tools/linux/arp32_1.0.7/include/elfnames.h
Unpacking /datalocal1/ti_components/cg_tools/linux/arp32_1.0.7/include/errno.h
Unpacking /datalocal1/ti_components/cg_tools/linux/arp32_1.0.7/include/exception
Unpacking /datalocal1/ti_components/cg_tools/linux/arp32_1.0.7/include/file.h
Unpacking /datalocal1/ti_components/cg_tools/linux/arp32_1.0.7/include/float.h
Unpacking /datalocal1/ti_components/cg_tools/linux/arp32_1.0.7/include/fstream
Unpacking /datalocal1/ti_components/cg_tools/linux/arp32_1.0.7/include/fstream.h
Unpacking /datalocal1/ti_components/cg_tools/linux/arp32_1.0.7/include/functional
Unpacking /datalocal1/ti_components/cg_tools/linux/arp32_1.0.7/include/hash_map
Unpacking /datalocal1/ti_components/cg_tools/linux/arp32_1.0.7/include/hash_set
Unpacking /datalocal1/ti_components/cg_tools/linux/arp32_1.0.7/include/intrinsics.h
Unpacking /datalocal1/ti_components/cg_tools/linux/arp32_1.0.7/include/inttypes.h
Unpacking /datalocal1/ti_components/cg_tools/linux/arp32_1.0.7/include/iomanip.h
Unpacking /datalocal1/ti_components/cg_tools/linux/arp32_1.0.7/include/iomanip
Unpacking /datalocal1/ti_components/cg_tools/linux/arp32_1.0.7/include/ios
Unpacking /datalocal1/ti_components/cg_tools/linux/arp32_1.0.7/include/iosfwd
Unpacking /datalocal1/ti_components/cg_tools/linux/arp32_1.0.7/include/iostream
Unpacking /datalocal1/ti_components/cg_tools/linux/arp32_1.0.7/include/iostream.h
Unpacking /datalocal1/ti_components/cg_tools/linux/arp32_1.0.7/include/iso646.h
Unpacking /datalocal1/ti_components/cg_tools/linux/arp32_1.0.7/include/istream
Unpacking /datalocal1/ti_components/cg_tools/linux/arp32_1.0.7/include/iterator
Unpacking /datalocal1/ti_components/cg_tools/linux/arp32_1.0.7/include/ivahd.h
Unpacking /datalocal1/ti_components/cg_tools/linux/arp32_1.0.7/include/limits
Unpacking /datalocal1/ti_components/cg_tools/linux/arp32_1.0.7/include/limits.h
Unpacking /datalocal1/ti_components/cg_tools/linux/arp32_1.0.7/include/linkage.h
Unpacking /datalocal1/ti_components/cg_tools/linux/arp32_1.0.7/include/list
Unpacking /datalocal1/ti_components/cg_tools/linux/arp32_1.0.7/include/locale
Unpacking /datalocal1/ti_components/cg_tools/linux/arp32_1.0.7/include/locale.h
Unpacking /datalocal1/ti_components/cg_tools/linux/arp32_1.0.7/include/map
Unpacking /datalocal1/ti_components/cg_tools/linux/arp32_1.0.7/include/math.h
Unpacking /datalocal1/ti_components/cg_tools/linux/arp32_1.0.7/include/mathf.h
Unpacking /datalocal1/ti_components/cg_tools/linux/arp32_1.0.7/include/mathl.h
Unpacking /datalocal1/ti_components/cg_tools/linux/arp32_1.0.7/include/memory
Unpacking /datalocal1/ti_components/cg_tools/linux/arp32_1.0.7/include/new
Unpacking /datalocal1/ti_components/cg_tools/linux/arp32_1.0.7/include/new.h
Unpacking /datalocal1/ti_components/cg_tools/linux/arp32_1.0.7/include/numeric
Unpacking /datalocal1/ti_components/cg_tools/linux/arp32_1.0.7/include/ostream
Unpacking /datalocal1/ti_components/cg_tools/linux/arp32_1.0.7/include/queue
Unpacking /datalocal1/ti_components/cg_tools/linux/arp32_1.0.7/include/rope
Unpacking /datalocal1/ti_components/cg_tools/linux/arp32_1.0.7/include/set
Unpacking /datalocal1/ti_components/cg_tools/linux/arp32_1.0.7/include/stdbool.h
Unpacking /datalocal1/ti_components/cg_tools/linux/arp32_1.0.7/include/setjmp.h
Unpacking /datalocal1/ti_components/cg_tools/linux/arp32_1.0.7/include/signal.h
Unpacking /datalocal1/ti_components/cg_tools/linux/arp32_1.0.7/include/slist
Unpacking /datalocal1/ti_components/cg_tools/linux/arp32_1.0.7/include/sstream
Unpacking /datalocal1/ti_components/cg_tools/linux/arp32_1.0.7/include/stack
Unpacking /datalocal1/ti_components/cg_tools/linux/arp32_1.0.7/include/stdarg.h
Unpacking /datalocal1/ti_components/cg_tools/linux/arp32_1.0.7/include/stddef.h
Unpacking /datalocal1/ti_components/cg_tools/linux/arp32_1.0.7/include/stdexcept
Unpacking /datalocal1/ti_components/cg_tools/linux/arp32_1.0.7/include/stdint.h
Unpacking /datalocal1/ti_components/cg_tools/linux/arp32_1.0.7/include/stdio.h
Unpacking /datalocal1/ti_components/cg_tools/linux/arp32_1.0.7/include/stdiostream.h
Unpacking /datalocal1/ti_components/cg_tools/linux/arp32_1.0.7/include/stdlib.h
Unpacking /datalocal1/ti_components/cg_tools/linux/arp32_1.0.7/include/stl.h
Unpacking /datalocal1/ti_components/cg_tools/linux/arp32_1.0.7/include/streambuf
Unpacking /datalocal1/ti_components/cg_tools/linux/arp32_1.0.7/include/string
Unpacking /datalocal1/ti_components/cg_tools/linux/arp32_1.0.7/include/string.h
Unpacking /datalocal1/ti_components/cg_tools/linux/arp32_1.0.7/include/strstream
Unpacking /datalocal1/ti_components/cg_tools/linux/arp32_1.0.7/include/strstream.h
Unpacking /datalocal1/ti_components/cg_tools/linux/arp32_1.0.7/include/time.h
Unpacking /datalocal1/ti_components/cg_tools/linux/arp32_1.0.7/include/typeinfo
Unpacking /datalocal1/ti_components/cg_tools/linux/arp32_1.0.7/include/unaccess.h
Unpacking /datalocal1/ti_components/cg_tools/linux/arp32_1.0.7/include/utility
Unpacking /datalocal1/ti_components/cg_tools/linux/arp32_1.0.7/include/valarray
Unpacking /datalocal1/ti_components/cg_tools/linux/arp32_1.0.7/include/vector
Unpacking /datalocal1/ti_components/cg_tools/linux/arp32_1.0.7/include/vcopmem.h
Unpacking /datalocal1/ti_components/cg_tools/linux/arp32_1.0.7/include/wchar.h
Unpacking /datalocal1/ti_components/cg_tools/linux/arp32_1.0.7/include/wchar.hx
Unpacking /datalocal1/ti_components/cg_tools/linux/arp32_1.0.7/include/wctype.h
Unpacking /datalocal1/ti_components/cg_tools/linux/arp32_1.0.7/include/xcomplex
Unpacking /datalocal1/ti_components/cg_tools/linux/arp32_1.0.7/include/xdebug
Unpacking /datalocal1/ti_components/cg_tools/linux/arp32_1.0.7/include/xhash
Unpacking /datalocal1/ti_components/cg_tools/linux/arp32_1.0.7/include/xiosbase
Unpacking /datalocal1/ti_components/cg_tools/linux/arp32_1.0.7/include/xlocale
Unpacking /datalocal1/ti_components/cg_tools/linux/arp32_1.0.7/include/xlocinfo
Unpacking /datalocal1/ti_components/cg_tools/linux/arp32_1.0.7/include/xlocinfo.h
Unpacking /datalocal1/ti_components/cg_tools/linux/arp32_1.0.7/include/xlocmes
Unpacking /datalocal1/ti_components/cg_tools/linux/arp32_1.0.7/include/xlocmon
Unpacking /datalocal1/ti_components/cg_tools/linux/arp32_1.0.7/include/xlocnum
Unpacking /datalocal1/ti_components/cg_tools/linux/arp32_1.0.7/include/xloctime
Unpacking /datalocal1/ti_components/cg_tools/linux/arp32_1.0.7/include/xmemory
Unpacking /datalocal1/ti_components/cg_tools/linux/arp32_1.0.7/include/xwcc.h
Unpacking /datalocal1/ti_components/cg_tools/linux/arp32_1.0.7/include/ymath.h
Unpacking /datalocal1/ti_components/cg_tools/linux/arp32_1.0.7/include/yvals.h
Unpacking /datalocal1/ti_components/cg_tools/linux/arp32_1.0.7/include/_fmt_specifier.h
Unpacking /datalocal1/ti_components/cg_tools/linux/arp32_1.0.7/include/vcop/vcop.h
Unpacking /datalocal1/ti_components/cg_tools/linux/arp32_1.0.7/lib/ivahd.cmd
Unpacking /datalocal1/ti_components/cg_tools/linux/arp32_1.0.7/lib/libc.a
Unpacking /datalocal1/ti_components/cg_tools/linux/arp32_1.0.7/lib/link.vcop.cmd
Unpacking /datalocal1/ti_components/cg_tools/linux/arp32_1.0.7/lib/lnk.cmd
Unpacking /datalocal1/ti_components/cg_tools/linux/arp32_1.0.7/lib/mklib
Unpacking /datalocal1/ti_components/cg_tools/linux/arp32_1.0.7/lib/mklib.c
Unpacking /datalocal1/ti_components/cg_tools/linux/arp32_1.0.7/lib/mklib.exe
Unpacking /datalocal1/ti_components/cg_tools/linux/arp32_1.0.7/lib/RTS_1_0_7_Manifest.pdf
Unpacking /datalocal1/ti_components/cg_tools/linux/arp32_1.0.7/lib/rtsarp32_v200.lib
Unpacking /datalocal1/ti_components/cg_tools/linux/arp32_1.0.7/bin/xref-arp32
Unpacking /datalocal1/ti_components/cg_tools/linux/arp32_1.0.7/include/xstddef
Unpacking /datalocal1/ti_components/cg_tools/linux/arp32_1.0.7/include/xstring
Unpacking /datalocal1/ti_components/cg_tools/linux/arp32_1.0.7/include/xtree
Unpacking /datalocal1/ti_components/cg_tools/linux/arp32_1.0.7/include/xutility
Unpacking /datalocal1/ti_components/cg_tools/linux/arp32_1.0.7/lib/rtssrc.zip
Unpacking /datalocal1/ti_components/cg_tools/linux/arp32_1.0.7/lib/src/acosh.c
Unpacking /datalocal1/ti_components/cg_tools/linux/arp32_1.0.7/lib/src/Makefile
Unpacking /datalocal1/ti_components/cg_tools/linux/arp32_1.0.7/lib/src/throw_edg.cpp
Unpacking /datalocal1/ti_components/cg_tools/linux/arp32_1.0.7/lib/src/eh_util.cpp
Unpacking /datalocal1/ti_components/cg_tools/linux/arp32_1.0.7/lib/src/sin.c
Unpacking /datalocal1/ti_components/cg_tools/linux/arp32_1.0.7/lib/src/absd.c
Unpacking /datalocal1/ti_components/cg_tools/linux/arp32_1.0.7/lib/src/acos.c
Unpacking /datalocal1/ti_components/cg_tools/linux/arp32_1.0.7/lib/src/acot.c
Unpacking /datalocal1/ti_components/cg_tools/linux/arp32_1.0.7/lib/src/acot2.c
Unpacking /datalocal1/ti_components/cg_tools/linux/arp32_1.0.7/lib/src/acoth.c
Unpacking /datalocal1/ti_components/cg_tools/linux/arp32_1.0.7/lib/src/asin.c
Unpacking /datalocal1/ti_components/cg_tools/linux/arp32_1.0.7/lib/src/asinh.c
Unpacking /datalocal1/ti_components/cg_tools/linux/arp32_1.0.7/lib/src/atan.c
Unpacking /datalocal1/ti_components/cg_tools/linux/arp32_1.0.7/lib/src/atan2.c
Unpacking /datalocal1/ti_components/cg_tools/linux/arp32_1.0.7/lib/src/atanh.c
Unpacking /datalocal1/ti_components/cg_tools/linux/arp32_1.0.7/lib/src/ceil.c
Unpacking /datalocal1/ti_components/cg_tools/linux/arp32_1.0.7/lib/src/cos.c
Unpacking /datalocal1/ti_components/cg_tools/linux/arp32_1.0.7/lib/src/cosh.c
Unpacking /datalocal1/ti_components/cg_tools/linux/arp32_1.0.7/lib/src/cot.c
Unpacking /datalocal1/ti_components/cg_tools/linux/arp32_1.0.7/lib/src/coth.c
Unpacking /datalocal1/ti_components/cg_tools/linux/arp32_1.0.7/lib/src/exp.c
Unpacking /datalocal1/ti_components/cg_tools/linux/arp32_1.0.7/lib/src/exp10.c
Unpacking /datalocal1/ti_components/cg_tools/linux/arp32_1.0.7/lib/src/exp2.c
Unpacking /datalocal1/ti_components/cg_tools/linux/arp32_1.0.7/lib/src/fabs.c
Unpacking /datalocal1/ti_components/cg_tools/linux/arp32_1.0.7/lib/src/floor.c
Unpacking /datalocal1/ti_components/cg_tools/linux/arp32_1.0.7/lib/src/fmod.c
Unpacking /datalocal1/ti_components/cg_tools/linux/arp32_1.0.7/lib/src/frexp.c
Unpacking /datalocal1/ti_components/cg_tools/linux/arp32_1.0.7/lib/src/fpclassify.c
Unpacking /datalocal1/ti_components/cg_tools/linux/arp32_1.0.7/lib/src/isinf.c
Unpacking /datalocal1/ti_components/cg_tools/linux/arp32_1.0.7/lib/src/isnan.c
Unpacking /datalocal1/ti_components/cg_tools/linux/arp32_1.0.7/lib/src/isfinite.c
Unpacking /datalocal1/ti_components/cg_tools/linux/arp32_1.0.7/lib/src/ldexp.c
Unpacking /datalocal1/ti_components/cg_tools/linux/arp32_1.0.7/lib/src/log.c
Unpacking /datalocal1/ti_components/cg_tools/linux/arp32_1.0.7/lib/src/isnormal.c
Unpacking /datalocal1/ti_components/cg_tools/linux/arp32_1.0.7/lib/src/log10.c
Unpacking /datalocal1/ti_components/cg_tools/linux/arp32_1.0.7/lib/src/log2.c
Unpacking /datalocal1/ti_components/cg_tools/linux/arp32_1.0.7/lib/src/pow.c
Unpacking /datalocal1/ti_components/cg_tools/linux/arp32_1.0.7/lib/src/powi.c
Unpacking /datalocal1/ti_components/cg_tools/linux/arp32_1.0.7/lib/src/round.c
Unpacking /datalocal1/ti_components/cg_tools/linux/arp32_1.0.7/lib/src/rsqrt.c
Unpacking /datalocal1/ti_components/cg_tools/linux/arp32_1.0.7/lib/src/sinh.c
Unpacking /datalocal1/ti_components/cg_tools/linux/arp32_1.0.7/lib/src/sqrt.c
Unpacking /datalocal1/ti_components/cg_tools/linux/arp32_1.0.7/lib/src/tan.c
Unpacking /datalocal1/ti_components/cg_tools/linux/arp32_1.0.7/lib/src/trunc.c
Unpacking /datalocal1/ti_components/cg_tools/linux/arp32_1.0.7/lib/src/tanh.c
Unpacking /datalocal1/ti_components/cg_tools/linux/arp32_1.0.7/lib/src/complex
Unpacking /datalocal1/ti_components/cg_tools/linux/arp32_1.0.7/lib/src/xcomplex
Unpacking /datalocal1/ti_components/cg_tools/linux/arp32_1.0.7/lib/src/intrinsics.h
Unpacking /datalocal1/ti_components/cg_tools/linux/arp32_1.0.7/lib/src/linkage.h
Unpacking /datalocal1/ti_components/cg_tools/linux/arp32_1.0.7/lib/src/unaccess.h
Unpacking /datalocal1/ti_components/cg_tools/linux/arp32_1.0.7/lib/src/vcopmem.h
Unpacking /datalocal1/ti_components/cg_tools/linux/arp32_1.0.7/lib/src/ivahd.h
Unpacking /datalocal1/ti_components/cg_tools/linux/arp32_1.0.7/lib/src/arp32.h
Unpacking /datalocal1/ti_components/cg_tools/linux/arp32_1.0.7/lib/src/mempkt.h
Unpacking /datalocal1/ti_components/cg_tools/linux/arp32_1.0.7/lib/src/trgcio.h
Unpacking /datalocal1/ti_components/cg_tools/linux/arp32_1.0.7/lib/src/t16math.h
Unpacking /datalocal1/ti_components/cg_tools/linux/arp32_1.0.7/lib/src/llmpy.c
Unpacking /datalocal1/ti_components/cg_tools/linux/arp32_1.0.7/lib/src/imath64.c
Unpacking /datalocal1/ti_components/cg_tools/linux/arp32_1.0.7/lib/src/autoinit.c
Unpacking /datalocal1/ti_components/cg_tools/linux/arp32_1.0.7/lib/src/lladdsub.c
Unpacking /datalocal1/ti_components/cg_tools/linux/arp32_1.0.7/lib/src/llcmp.c
Unpacking /datalocal1/ti_components/cg_tools/linux/arp32_1.0.7/lib/src/llshift.c
Unpacking /datalocal1/ti_components/cg_tools/linux/arp32_1.0.7/lib/src/boot.c
Unpacking /datalocal1/ti_components/cg_tools/linux/arp32_1.0.7/lib/src/trgmsg.c
Unpacking /datalocal1/ti_components/cg_tools/linux/arp32_1.0.7/lib/src/mult.c
Unpacking /datalocal1/ti_components/cg_tools/linux/arp32_1.0.7/lib/src/pre_init.c
Unpacking /datalocal1/ti_components/cg_tools/linux/arp32_1.0.7/lib/src/setjmp_c.c
Unpacking /datalocal1/ti_components/cg_tools/linux/arp32_1.0.7/lib/src/divu_c.c
Unpacking /datalocal1/ti_components/cg_tools/linux/arp32_1.0.7/lib/src/divi_c.c
Unpacking /datalocal1/ti_components/cg_tools/linux/arp32_1.0.7/lib/src/remi_c.c
Unpacking /datalocal1/ti_components/cg_tools/linux/arp32_1.0.7/lib/src/remu_c.c
Unpacking /datalocal1/ti_components/cg_tools/linux/arp32_1.0.7/lib/src/vcop_memory.c
Unpacking /datalocal1/ti_components/cg_tools/linux/arp32_1.0.7/lib/src/memcpy.c
Unpacking /datalocal1/ti_components/cg_tools/linux/arp32_1.0.7/lib/src/strasgi_c.c
Unpacking /datalocal1/ti_components/cg_tools/linux/arp32_1.0.7/lib/src/addd.c
Unpacking /datalocal1/ti_components/cg_tools/linux/arp32_1.0.7/lib/src/memset.c
Unpacking /datalocal1/ti_components/cg_tools/linux/arp32_1.0.7/lib/src/copy_decompress_none.c
Unpacking /datalocal1/ti_components/cg_tools/linux/arp32_1.0.7/lib/src/copy_decompress_rle.c
Unpacking /datalocal1/ti_components/cg_tools/linux/arp32_1.0.7/lib/src/cmpd.c
Unpacking /datalocal1/ti_components/cg_tools/linux/arp32_1.0.7/lib/src/copy_zero_init.c
Unpacking /datalocal1/ti_components/cg_tools/linux/arp32_1.0.7/lib/src/copy_decompress_lzss.c
Unpacking /datalocal1/ti_components/cg_tools/linux/arp32_1.0.7/lib/src/cvtfd.c
Unpacking /datalocal1/ti_components/cg_tools/linux/arp32_1.0.7/lib/src/divd.c
Unpacking /datalocal1/ti_components/cg_tools/linux/arp32_1.0.7/lib/src/fixdi.c
Unpacking /datalocal1/ti_components/cg_tools/linux/arp32_1.0.7/lib/src/fixdli.c
Unpacking /datalocal1/ti_components/cg_tools/linux/arp32_1.0.7/lib/src/fixdu.c
Unpacking /datalocal1/ti_components/cg_tools/linux/arp32_1.0.7/lib/src/fixdul.c
Unpacking /datalocal1/ti_components/cg_tools/linux/arp32_1.0.7/lib/src/fixdlli.c
Unpacking /datalocal1/ti_components/cg_tools/linux/arp32_1.0.7/lib/src/fltid.c
Unpacking /datalocal1/ti_components/cg_tools/linux/arp32_1.0.7/lib/src/fltlid.c
Unpacking /datalocal1/ti_components/cg_tools/linux/arp32_1.0.7/lib/src/fixdull.c
Unpacking /datalocal1/ti_components/cg_tools/linux/arp32_1.0.7/lib/src/fltud.c
Unpacking /datalocal1/ti_components/cg_tools/linux/arp32_1.0.7/lib/src/fltuld.c
Unpacking /datalocal1/ti_components/cg_tools/linux/arp32_1.0.7/lib/src/fltllid.c
Unpacking /datalocal1/ti_components/cg_tools/linux/arp32_1.0.7/lib/src/frcdivd.c
Unpacking /datalocal1/ti_components/cg_tools/linux/arp32_1.0.7/lib/src/frcmpyd.c
Unpacking /datalocal1/ti_components/cg_tools/linux/arp32_1.0.7/lib/src/fltulld.c
Unpacking /datalocal1/ti_components/cg_tools/linux/arp32_1.0.7/lib/src/frcaddd.c
Unpacking /datalocal1/ti_components/cg_tools/linux/arp32_1.0.7/lib/src/frcmpyd_div.c
Unpacking /datalocal1/ti_components/cg_tools/linux/arp32_1.0.7/lib/src/mpyd.c
Unpacking /datalocal1/ti_components/cg_tools/linux/arp32_1.0.7/lib/src/negd.c
Unpacking /datalocal1/ti_components/cg_tools/linux/arp32_1.0.7/lib/src/subd.c
Unpacking /datalocal1/ti_components/cg_tools/linux/arp32_1.0.7/lib/src/renormd.c
Unpacking /datalocal1/ti_components/cg_tools/linux/arp32_1.0.7/lib/src/cmath
Unpacking /datalocal1/ti_components/cg_tools/linux/arp32_1.0.7/lib/src/signal.h
Unpacking /datalocal1/ti_components/cg_tools/linux/arp32_1.0.7/lib/src/xwcc.h
Unpacking /datalocal1/ti_components/cg_tools/linux/arp32_1.0.7/lib/src/ymath.h
Unpacking /datalocal1/ti_components/cg_tools/linux/arp32_1.0.7/lib/src/stdbool.h
Unpacking /datalocal1/ti_components/cg_tools/linux/arp32_1.0.7/lib/src/yvals.h
Unpacking /datalocal1/ti_components/cg_tools/linux/arp32_1.0.7/lib/src/bitset
Unpacking /datalocal1/ti_components/cg_tools/linux/arp32_1.0.7/lib/src/cassert
Unpacking /datalocal1/ti_components/cg_tools/linux/arp32_1.0.7/lib/src/algorithm
Unpacking /datalocal1/ti_components/cg_tools/linux/arp32_1.0.7/lib/src/cctype
Unpacking /datalocal1/ti_components/cg_tools/linux/arp32_1.0.7/lib/src/cerrno
Unpacking /datalocal1/ti_components/cg_tools/linux/arp32_1.0.7/lib/src/cfloat
Unpacking /datalocal1/ti_components/cg_tools/linux/arp32_1.0.7/lib/src/ciso646
Unpacking /datalocal1/ti_components/cg_tools/linux/arp32_1.0.7/lib/src/climits
Unpacking /datalocal1/ti_components/cg_tools/linux/arp32_1.0.7/lib/src/clocale
Unpacking /datalocal1/ti_components/cg_tools/linux/arp32_1.0.7/lib/src/csetjmp
Unpacking /datalocal1/ti_components/cg_tools/linux/arp32_1.0.7/lib/src/csignal
Unpacking /datalocal1/ti_components/cg_tools/linux/arp32_1.0.7/lib/src/cstdarg
Unpacking /datalocal1/ti_components/cg_tools/linux/arp32_1.0.7/lib/src/cstddef
Unpacking /datalocal1/ti_components/cg_tools/linux/arp32_1.0.7/lib/src/cstdio
Unpacking /datalocal1/ti_components/cg_tools/linux/arp32_1.0.7/lib/src/cstdlib
Unpacking /datalocal1/ti_components/cg_tools/linux/arp32_1.0.7/lib/src/cstring
Unpacking /datalocal1/ti_components/cg_tools/linux/arp32_1.0.7/lib/src/ctime
Unpacking /datalocal1/ti_components/cg_tools/linux/arp32_1.0.7/lib/src/cwchar
Unpacking /datalocal1/ti_components/cg_tools/linux/arp32_1.0.7/lib/src/cwctype
Unpacking /datalocal1/ti_components/cg_tools/linux/arp32_1.0.7/lib/src/deque
Unpacking /datalocal1/ti_components/cg_tools/linux/arp32_1.0.7/lib/src/fstream
Unpacking /datalocal1/ti_components/cg_tools/linux/arp32_1.0.7/lib/src/fstream.h
Unpacking /datalocal1/ti_components/cg_tools/linux/arp32_1.0.7/lib/src/exception
Unpacking /datalocal1/ti_components/cg_tools/linux/arp32_1.0.7/lib/src/hash_map
Unpacking /datalocal1/ti_components/cg_tools/linux/arp32_1.0.7/lib/src/hash_set
Unpacking /datalocal1/ti_components/cg_tools/linux/arp32_1.0.7/lib/src/iomanip
Unpacking /datalocal1/ti_components/cg_tools/linux/arp32_1.0.7/lib/src/functional
Unpacking /datalocal1/ti_components/cg_tools/linux/arp32_1.0.7/lib/src/iosfwd
Unpacking /datalocal1/ti_components/cg_tools/linux/arp32_1.0.7/lib/src/iostream
Unpacking /datalocal1/ti_components/cg_tools/linux/arp32_1.0.7/lib/src/iomanip.h
Unpacking /datalocal1/ti_components/cg_tools/linux/arp32_1.0.7/lib/src/ios
Unpacking /datalocal1/ti_components/cg_tools/linux/arp32_1.0.7/lib/src/istream
Unpacking /datalocal1/ti_components/cg_tools/linux/arp32_1.0.7/lib/src/iterator
Unpacking /datalocal1/ti_components/cg_tools/linux/arp32_1.0.7/lib/src/iostream.h
Unpacking /datalocal1/ti_components/cg_tools/linux/arp32_1.0.7/lib/src/limits
Unpacking /datalocal1/ti_components/cg_tools/linux/arp32_1.0.7/lib/src/locale
Unpacking /datalocal1/ti_components/cg_tools/linux/arp32_1.0.7/lib/src/map
Unpacking /datalocal1/ti_components/cg_tools/linux/arp32_1.0.7/lib/src/list
Unpacking /datalocal1/ti_components/cg_tools/linux/arp32_1.0.7/lib/src/memory
Unpacking /datalocal1/ti_components/cg_tools/linux/arp32_1.0.7/lib/src/new.h
Unpacking /datalocal1/ti_components/cg_tools/linux/arp32_1.0.7/lib/src/numeric
Unpacking /datalocal1/ti_components/cg_tools/linux/arp32_1.0.7/lib/src/new
Unpacking /datalocal1/ti_components/cg_tools/linux/arp32_1.0.7/lib/src/ostream
Unpacking /datalocal1/ti_components/cg_tools/linux/arp32_1.0.7/lib/src/queue
Unpacking /datalocal1/ti_components/cg_tools/linux/arp32_1.0.7/lib/src/slist
Unpacking /datalocal1/ti_components/cg_tools/linux/arp32_1.0.7/lib/src/sstream
Unpacking /datalocal1/ti_components/cg_tools/linux/arp32_1.0.7/lib/src/rope
Unpacking /datalocal1/ti_components/cg_tools/linux/arp32_1.0.7/lib/src/set
Unpacking /datalocal1/ti_components/cg_tools/linux/arp32_1.0.7/lib/src/stack
Unpacking /datalocal1/ti_components/cg_tools/linux/arp32_1.0.7/lib/src/stl.h
Unpacking /datalocal1/ti_components/cg_tools/linux/arp32_1.0.7/lib/src/stdiostream.h
Unpacking /datalocal1/ti_components/cg_tools/linux/arp32_1.0.7/lib/src/stdexcept
Unpacking /datalocal1/ti_components/cg_tools/linux/arp32_1.0.7/lib/src/string
Unpacking /datalocal1/ti_components/cg_tools/linux/arp32_1.0.7/lib/src/strstream
Unpacking /datalocal1/ti_components/cg_tools/linux/arp32_1.0.7/lib/src/streambuf
Unpacking /datalocal1/ti_components/cg_tools/linux/arp32_1.0.7/lib/src/strstream.h
Unpacking /datalocal1/ti_components/cg_tools/linux/arp32_1.0.7/lib/src/typeinfo
Unpacking /datalocal1/ti_components/cg_tools/linux/arp32_1.0.7/lib/src/utility
Unpacking /datalocal1/ti_components/cg_tools/linux/arp32_1.0.7/lib/src/valarray
Unpacking /datalocal1/ti_components/cg_tools/linux/arp32_1.0.7/lib/src/vector
Unpacking /datalocal1/ti_components/cg_tools/linux/arp32_1.0.7/lib/src/wchar.hx
Unpacking /datalocal1/ti_components/cg_tools/linux/arp32_1.0.7/lib/src/xdebug
Unpacking /datalocal1/ti_components/cg_tools/linux/arp32_1.0.7/lib/src/xhash
Unpacking /datalocal1/ti_components/cg_tools/linux/arp32_1.0.7/lib/src/xiosbase
Unpacking /datalocal1/ti_components/cg_tools/linux/arp32_1.0.7/lib/src/xlocale
Unpacking /datalocal1/ti_components/cg_tools/linux/arp32_1.0.7/lib/src/xlocinfo
Unpacking /datalocal1/ti_components/cg_tools/linux/arp32_1.0.7/lib/src/xlocmes
Unpacking /datalocal1/ti_components/cg_tools/linux/arp32_1.0.7/lib/src/xlocmon
Unpacking /datalocal1/ti_components/cg_tools/linux/arp32_1.0.7/lib/src/xlocinfo.h
Unpacking /datalocal1/ti_components/cg_tools/linux/arp32_1.0.7/lib/src/xlocnum
Unpacking /datalocal1/ti_components/cg_tools/linux/arp32_1.0.7/lib/src/xloctime
Unpacking /datalocal1/ti_components/cg_tools/linux/arp32_1.0.7/lib/src/xmemory
Unpacking /datalocal1/ti_components/cg_tools/linux/arp32_1.0.7/lib/src/xstddef
Unpacking /datalocal1/ti_components/cg_tools/linux/arp32_1.0.7/lib/src/xstring
Unpacking /datalocal1/ti_components/cg_tools/linux/arp32_1.0.7/lib/src/xtree
Unpacking /datalocal1/ti_components/cg_tools/linux/arp32_1.0.7/lib/src/xutility
Unpacking /datalocal1/ti_components/cg_tools/linux/arp32_1.0.7/lib/src/xxstod.h
Unpacking /datalocal1/ti_components/cg_tools/linux/arp32_1.0.7/lib/src/xxxdtent.h
Unpacking /datalocal1/ti_components/cg_tools/linux/arp32_1.0.7/lib/src/xxcctype.h
Unpacking /datalocal1/ti_components/cg_tools/linux/arp32_1.0.7/lib/src/signal.c
Unpacking /datalocal1/ti_components/cg_tools/linux/arp32_1.0.7/lib/src/raise.c
Unpacking /datalocal1/ti_components/cg_tools/linux/arp32_1.0.7/lib/src/fwide.c
Unpacking /datalocal1/ti_components/cg_tools/linux/arp32_1.0.7/lib/src/stox.c
Unpacking /datalocal1/ti_components/cg_tools/linux/arp32_1.0.7/lib/src/iomanip.cpp
Unpacking /datalocal1/ti_components/cg_tools/linux/arp32_1.0.7/lib/src/limits.cpp
Unpacking /datalocal1/ti_components/cg_tools/linux/arp32_1.0.7/lib/src/fiopen.cpp
Unpacking /datalocal1/ti_components/cg_tools/linux/arp32_1.0.7/lib/src/iostream.cpp
Unpacking /datalocal1/ti_components/cg_tools/linux/arp32_1.0.7/lib/src/ios.cpp
Unpacking /datalocal1/ti_components/cg_tools/linux/arp32_1.0.7/lib/src/wchar.cx
Unpacking /datalocal1/ti_components/cg_tools/linux/arp32_1.0.7/lib/src/double_config.h
Unpacking /datalocal1/ti_components/cg_tools/linux/arp32_1.0.7/lib/src/locale.cpp
Unpacking /datalocal1/ti_components/cg_tools/linux/arp32_1.0.7/lib/src/locale0.cpp
Unpacking /datalocal1/ti_components/cg_tools/linux/arp32_1.0.7/lib/src/nothrow.cpp
Unpacking /datalocal1/ti_components/cg_tools/linux/arp32_1.0.7/lib/src/raisehan.cpp
Unpacking /datalocal1/ti_components/cg_tools/linux/arp32_1.0.7/lib/src/string.cpp
Unpacking /datalocal1/ti_components/cg_tools/linux/arp32_1.0.7/lib/src/strstrea.cpp
Unpacking /datalocal1/ti_components/cg_tools/linux/arp32_1.0.7/lib/src/throw.cpp
Unpacking /datalocal1/ti_components/cg_tools/linux/arp32_1.0.7/lib/src/wiostrea.cpp
Unpacking /datalocal1/ti_components/cg_tools/linux/arp32_1.0.7/lib/src/wlocale.cpp
Unpacking /datalocal1/ti_components/cg_tools/linux/arp32_1.0.7/lib/src/xfpostox.cpp
Unpacking /datalocal1/ti_components/cg_tools/linux/arp32_1.0.7/lib/src/xlocale.cpp
Unpacking /datalocal1/ti_components/cg_tools/linux/arp32_1.0.7/lib/src/ieeed.h
Unpacking /datalocal1/ti_components/cg_tools/linux/arp32_1.0.7/lib/src/xlocinfo.cpp
Unpacking /datalocal1/ti_components/cg_tools/linux/arp32_1.0.7/lib/src/xatexit.cx0
Unpacking /datalocal1/ti_components/cg_tools/linux/arp32_1.0.7/lib/src/syntd.h
Unpacking /datalocal1/ti_components/cg_tools/linux/arp32_1.0.7/lib/src/frcdivd.h
Unpacking /datalocal1/ti_components/cg_tools/linux/arp32_1.0.7/lib/src/frcmpyd.h
Unpacking /datalocal1/ti_components/cg_tools/linux/arp32_1.0.7/lib/src/frcaddd.h
Unpacking /datalocal1/ti_components/cg_tools/linux/arp32_1.0.7/lib/src/ieeef.h
Unpacking /datalocal1/ti_components/cg_tools/linux/arp32_1.0.7/lib/src/syntf.h
Unpacking /datalocal1/ti_components/cg_tools/linux/arp32_1.0.7/lib/src/renormd.h
Unpacking /datalocal1/ti_components/cg_tools/linux/arp32_1.0.7/lib/src/float_config.h
Unpacking /datalocal1/ti_components/cg_tools/linux/arp32_1.0.7/lib/src/frcdivf.h
Unpacking /datalocal1/ti_components/cg_tools/linux/arp32_1.0.7/lib/src/frcmpyf.h
Unpacking /datalocal1/ti_components/cg_tools/linux/arp32_1.0.7/lib/src/frcaddf.h
Unpacking /datalocal1/ti_components/cg_tools/linux/arp32_1.0.7/lib/src/decode.c
Unpacking /datalocal1/ti_components/cg_tools/linux/arp32_1.0.7/lib/src/chunk.h
Unpacking /datalocal1/ti_components/cg_tools/linux/arp32_1.0.7/lib/src/renormf.h
Unpacking /datalocal1/ti_components/cg_tools/linux/arp32_1.0.7/lib/src/formi.h
Unpacking /datalocal1/ti_components/cg_tools/linux/arp32_1.0.7/lib/src/global.h
Unpacking /datalocal1/ti_components/cg_tools/linux/arp32_1.0.7/lib/src/reald.h
Unpacking /datalocal1/ti_components/cg_tools/linux/arp32_1.0.7/lib/src/target.h
Unpacking /datalocal1/ti_components/cg_tools/linux/arp32_1.0.7/lib/src/ieeemask.h
Unpacking /datalocal1/ti_components/cg_tools/linux/arp32_1.0.7/lib/src/numconst.h
Unpacking /datalocal1/ti_components/cg_tools/linux/arp32_1.0.7/lib/src/addf_i.h
Unpacking /datalocal1/ti_components/cg_tools/linux/arp32_1.0.7/lib/src/cmpf_i.h
Unpacking /datalocal1/ti_components/cg_tools/linux/arp32_1.0.7/lib/src/divf_i.h
Unpacking /datalocal1/ti_components/cg_tools/linux/arp32_1.0.7/lib/src/divremx_i.h
Unpacking /datalocal1/ti_components/cg_tools/linux/arp32_1.0.7/lib/src/eqlf_i.h
Unpacking /datalocal1/ti_components/cg_tools/linux/arp32_1.0.7/lib/src/fixfy_i.h
Unpacking /datalocal1/ti_components/cg_tools/linux/arp32_1.0.7/lib/src/fltxf_i.h
Unpacking /datalocal1/ti_components/cg_tools/linux/arp32_1.0.7/lib/src/fixfx_i.h
Unpacking /datalocal1/ti_components/cg_tools/linux/arp32_1.0.7/lib/src/frcaddf_i.h
Unpacking /datalocal1/ti_components/cg_tools/linux/arp32_1.0.7/lib/src/geqf_i.h
Unpacking /datalocal1/ti_components/cg_tools/linux/arp32_1.0.7/lib/src/fltyf_i.h
Unpacking /datalocal1/ti_components/cg_tools/linux/arp32_1.0.7/lib/src/frcdivf1_i.h
Unpacking /datalocal1/ti_components/cg_tools/linux/arp32_1.0.7/lib/src/frcdivf2_i.h
Unpacking /datalocal1/ti_components/cg_tools/linux/arp32_1.0.7/lib/src/frcmpyf1_i.h
Unpacking /datalocal1/ti_components/cg_tools/linux/arp32_1.0.7/lib/src/frcmpyf2_i.h
Unpacking /datalocal1/ti_components/cg_tools/linux/arp32_1.0.7/lib/src/gtrf_i.h
Unpacking /datalocal1/ti_components/cg_tools/linux/arp32_1.0.7/lib/src/leqf_i.h
Unpacking /datalocal1/ti_components/cg_tools/linux/arp32_1.0.7/lib/src/lssf_i.h
Unpacking /datalocal1/ti_components/cg_tools/linux/arp32_1.0.7/lib/src/frcmpyf_div_i.h
Unpacking /datalocal1/ti_components/cg_tools/linux/arp32_1.0.7/lib/src/mpyf_i.h
Unpacking /datalocal1/ti_components/cg_tools/linux/arp32_1.0.7/lib/src/negf_i.h
Unpacking /datalocal1/ti_components/cg_tools/linux/arp32_1.0.7/lib/src/neqf_i.h
Unpacking /datalocal1/ti_components/cg_tools/linux/arp32_1.0.7/lib/src/renormf_i.h
Unpacking /datalocal1/ti_components/cg_tools/linux/arp32_1.0.7/lib/src/subf_i.h
Unpacking /datalocal1/ti_components/cg_tools/linux/arp32_1.0.7/lib/src/access.h
Unpacking /datalocal1/ti_components/cg_tools/linux/arp32_1.0.7/lib/src/math.h
Unpacking /datalocal1/ti_components/cg_tools/linux/arp32_1.0.7/lib/src/mathf.h
Unpacking /datalocal1/ti_components/cg_tools/linux/arp32_1.0.7/lib/src/elfnames.h
Unpacking /datalocal1/ti_components/cg_tools/linux/arp32_1.0.7/lib/src/mathl.h
Unpacking /datalocal1/ti_components/cg_tools/linux/arp32_1.0.7/lib/src/absf_i.h
Unpacking /datalocal1/ti_components/cg_tools/linux/arp32_1.0.7/lib/src/acot2f_i.h
Unpacking /datalocal1/ti_components/cg_tools/linux/arp32_1.0.7/lib/src/acotf_i.h
Unpacking /datalocal1/ti_components/cg_tools/linux/arp32_1.0.7/lib/src/acosf_i.h
Unpacking /datalocal1/ti_components/cg_tools/linux/arp32_1.0.7/lib/src/acoshf_i.h
Unpacking /datalocal1/ti_components/cg_tools/linux/arp32_1.0.7/lib/src/cosf_i.h
Unpacking /datalocal1/ti_components/cg_tools/linux/arp32_1.0.7/lib/src/coshf_i.h
Unpacking /datalocal1/ti_components/cg_tools/linux/arp32_1.0.7/lib/src/acothf_i.h
Unpacking /datalocal1/ti_components/cg_tools/linux/arp32_1.0.7/lib/src/asinf_i.h
Unpacking /datalocal1/ti_components/cg_tools/linux/arp32_1.0.7/lib/src/asinhf_i.h
Unpacking /datalocal1/ti_components/cg_tools/linux/arp32_1.0.7/lib/src/atan2f_i.h
Unpacking /datalocal1/ti_components/cg_tools/linux/arp32_1.0.7/lib/src/atanf_i.h
Unpacking /datalocal1/ti_components/cg_tools/linux/arp32_1.0.7/lib/src/atanhf_i.h
Unpacking /datalocal1/ti_components/cg_tools/linux/arp32_1.0.7/lib/src/ceilf_i.h
Unpacking /datalocal1/ti_components/cg_tools/linux/arp32_1.0.7/lib/src/cotf_i.h
Unpacking /datalocal1/ti_components/cg_tools/linux/arp32_1.0.7/lib/src/exp10f_i.h
Unpacking /datalocal1/ti_components/cg_tools/linux/arp32_1.0.7/lib/src/exp2f_i.h
Unpacking /datalocal1/ti_components/cg_tools/linux/arp32_1.0.7/lib/src/cothf_i.h
Unpacking /datalocal1/ti_components/cg_tools/linux/arp32_1.0.7/lib/src/expf_i.h
Unpacking /datalocal1/ti_components/cg_tools/linux/arp32_1.0.7/lib/src/floorf_i.h
Unpacking /datalocal1/ti_components/cg_tools/linux/arp32_1.0.7/lib/src/fmodf_i.h
Unpacking /datalocal1/ti_components/cg_tools/linux/arp32_1.0.7/lib/src/fabsf_i.h
Unpacking /datalocal1/ti_components/cg_tools/linux/arp32_1.0.7/lib/src/isfinitef_i.h
Unpacking /datalocal1/ti_components/cg_tools/linux/arp32_1.0.7/lib/src/frexpf_i.h
Unpacking /datalocal1/ti_components/cg_tools/linux/arp32_1.0.7/lib/src/fpclassifyf_i.h
Unpacking /datalocal1/ti_components/cg_tools/linux/arp32_1.0.7/lib/src/frexp2_i.h
Unpacking /datalocal1/ti_components/cg_tools/linux/arp32_1.0.7/lib/src/isinff_i.h
Unpacking /datalocal1/ti_components/cg_tools/linux/arp32_1.0.7/lib/src/ldexpf_i.h
Unpacking /datalocal1/ti_components/cg_tools/linux/arp32_1.0.7/lib/src/isnormalf_i.h
Unpacking /datalocal1/ti_components/cg_tools/linux/arp32_1.0.7/lib/src/logf_i.h
Unpacking /datalocal1/ti_components/cg_tools/linux/arp32_1.0.7/lib/src/modff_i.h
Unpacking /datalocal1/ti_components/cg_tools/linux/arp32_1.0.7/lib/src/log10f_i.h
Unpacking /datalocal1/ti_components/cg_tools/linux/arp32_1.0.7/lib/src/log2f_i.h
Unpacking /datalocal1/ti_components/cg_tools/linux/arp32_1.0.7/lib/src/nextafter_i.h
Unpacking /datalocal1/ti_components/cg_tools/linux/arp32_1.0.7/lib/src/powf_i.h
Unpacking /datalocal1/ti_components/cg_tools/linux/arp32_1.0.7/lib/src/roundf_i.h
Unpacking /datalocal1/ti_components/cg_tools/linux/arp32_1.0.7/lib/src/rsqrtf_i.h
Unpacking /datalocal1/ti_components/cg_tools/linux/arp32_1.0.7/lib/src/powif_i.h
Unpacking /datalocal1/ti_components/cg_tools/linux/arp32_1.0.7/lib/src/sinf_i.h
Unpacking /datalocal1/ti_components/cg_tools/linux/arp32_1.0.7/lib/src/sqrtf_i.h
Unpacking /datalocal1/ti_components/cg_tools/linux/arp32_1.0.7/lib/src/tanf_i.h
Unpacking /datalocal1/ti_components/cg_tools/linux/arp32_1.0.7/lib/src/sinhf_i.h
Unpacking /datalocal1/ti_components/cg_tools/linux/arp32_1.0.7/lib/src/truncf_i.h
Unpacking /datalocal1/ti_components/cg_tools/linux/arp32_1.0.7/lib/src/div.c
Unpacking /datalocal1/ti_components/cg_tools/linux/arp32_1.0.7/lib/src/tanhf_i.h
Unpacking /datalocal1/ti_components/cg_tools/linux/arp32_1.0.7/lib/src/ldiv.c
Unpacking /datalocal1/ti_components/cg_tools/linux/arp32_1.0.7/lib/src/lldiv.c
Unpacking /datalocal1/ti_components/cg_tools/linux/arp32_1.0.7/lib/src/acoshf.c
Unpacking /datalocal1/ti_components/cg_tools/linux/arp32_1.0.7/lib/src/absf.c
Unpacking /datalocal1/ti_components/cg_tools/linux/arp32_1.0.7/lib/src/formi32.h
Unpacking /datalocal1/ti_components/cg_tools/linux/arp32_1.0.7/lib/src/acosf.c
Unpacking /datalocal1/ti_components/cg_tools/linux/arp32_1.0.7/lib/src/acot2f.c
Unpacking /datalocal1/ti_components/cg_tools/linux/arp32_1.0.7/lib/src/acotf.c
Unpacking /datalocal1/ti_components/cg_tools/linux/arp32_1.0.7/lib/src/acothf.c
Unpacking /datalocal1/ti_components/cg_tools/linux/arp32_1.0.7/lib/src/asinf.c
Unpacking /datalocal1/ti_components/cg_tools/linux/arp32_1.0.7/lib/src/asinhf.c
Unpacking /datalocal1/ti_components/cg_tools/linux/arp32_1.0.7/lib/src/atanf.c
Unpacking /datalocal1/ti_components/cg_tools/linux/arp32_1.0.7/lib/src/atan2f.c
Unpacking /datalocal1/ti_components/cg_tools/linux/arp32_1.0.7/lib/src/atanhf.c
Unpacking /datalocal1/ti_components/cg_tools/linux/arp32_1.0.7/lib/src/ceilf.c
Unpacking /datalocal1/ti_components/cg_tools/linux/arp32_1.0.7/lib/src/cosf.c
Unpacking /datalocal1/ti_components/cg_tools/linux/arp32_1.0.7/lib/src/coshf.c
Unpacking /datalocal1/ti_components/cg_tools/linux/arp32_1.0.7/lib/src/cotf.c
Unpacking /datalocal1/ti_components/cg_tools/linux/arp32_1.0.7/lib/src/cothf.c
Unpacking /datalocal1/ti_components/cg_tools/linux/arp32_1.0.7/lib/src/exp10f.c
Unpacking /datalocal1/ti_components/cg_tools/linux/arp32_1.0.7/lib/src/exp2f.c
Unpacking /datalocal1/ti_components/cg_tools/linux/arp32_1.0.7/lib/src/expf.c
Unpacking /datalocal1/ti_components/cg_tools/linux/arp32_1.0.7/lib/src/fabsf.c
Unpacking /datalocal1/ti_components/cg_tools/linux/arp32_1.0.7/lib/src/floorf.c
Unpacking /datalocal1/ti_components/cg_tools/linux/arp32_1.0.7/lib/src/fmodf.c
Unpacking /datalocal1/ti_components/cg_tools/linux/arp32_1.0.7/lib/src/fpclassifyf.c
Unpacking /datalocal1/ti_components/cg_tools/linux/arp32_1.0.7/lib/src/frexpf.c
Unpacking /datalocal1/ti_components/cg_tools/linux/arp32_1.0.7/lib/src/isfinitef.c
Unpacking /datalocal1/ti_components/cg_tools/linux/arp32_1.0.7/lib/src/isinff.c
Unpacking /datalocal1/ti_components/cg_tools/linux/arp32_1.0.7/lib/src/isnanf.c
Unpacking /datalocal1/ti_components/cg_tools/linux/arp32_1.0.7/lib/src/isnormalf.c
Unpacking /datalocal1/ti_components/cg_tools/linux/arp32_1.0.7/lib/src/ldexpf.c
Unpacking /datalocal1/ti_components/cg_tools/linux/arp32_1.0.7/lib/src/log10f.c
Unpacking /datalocal1/ti_components/cg_tools/linux/arp32_1.0.7/lib/src/log2f.c
Unpacking /datalocal1/ti_components/cg_tools/linux/arp32_1.0.7/lib/src/logf.c
Unpacking /datalocal1/ti_components/cg_tools/linux/arp32_1.0.7/lib/src/powif.c
Unpacking /datalocal1/ti_components/cg_tools/linux/arp32_1.0.7/lib/src/powf.c
Unpacking /datalocal1/ti_components/cg_tools/linux/arp32_1.0.7/lib/src/roundf.c
Unpacking /datalocal1/ti_components/cg_tools/linux/arp32_1.0.7/lib/src/rsqrtf.c
Unpacking /datalocal1/ti_components/cg_tools/linux/arp32_1.0.7/lib/src/sinf.c
Unpacking /datalocal1/ti_components/cg_tools/linux/arp32_1.0.7/lib/src/sinhf.c
Unpacking /datalocal1/ti_components/cg_tools/linux/arp32_1.0.7/lib/src/sqrtf.c
Unpacking /datalocal1/ti_components/cg_tools/linux/arp32_1.0.7/lib/src/tanf.c
Unpacking /datalocal1/ti_components/cg_tools/linux/arp32_1.0.7/lib/src/tanhf.c
Unpacking /datalocal1/ti_components/cg_tools/linux/arp32_1.0.7/lib/src/truncf.c
Unpacking /datalocal1/ti_components/cg_tools/linux/arp32_1.0.7/lib/src/cpy_tbl.h
Unpacking /datalocal1/ti_components/cg_tools/linux/arp32_1.0.7/lib/src/float.h
Unpacking /datalocal1/ti_components/cg_tools/linux/arp32_1.0.7/lib/src/formi64.h
Unpacking /datalocal1/ti_components/cg_tools/linux/arp32_1.0.7/lib/src/limits.h
Unpacking /datalocal1/ti_components/cg_tools/linux/arp32_1.0.7/lib/src/stdarg.h
Unpacking /datalocal1/ti_components/cg_tools/linux/arp32_1.0.7/lib/src/_data_synch.h
Unpacking /datalocal1/ti_components/cg_tools/linux/arp32_1.0.7/lib/src/_isfuncdcl.h
Unpacking /datalocal1/ti_components/cg_tools/linux/arp32_1.0.7/lib/src/_isfuncdef.h
Unpacking /datalocal1/ti_components/cg_tools/linux/arp32_1.0.7/lib/src/_fmt_specifier.h
Unpacking /datalocal1/ti_components/cg_tools/linux/arp32_1.0.7/lib/src/_lock.h
Unpacking /datalocal1/ti_components/cg_tools/linux/arp32_1.0.7/lib/src/_mutex.h
Unpacking /datalocal1/ti_components/cg_tools/linux/arp32_1.0.7/lib/src/_pthread.h
Unpacking /datalocal1/ti_components/cg_tools/linux/arp32_1.0.7/lib/src/_tls.h
Unpacking /datalocal1/ti_components/cg_tools/linux/arp32_1.0.7/lib/src/_reg_synch_api.h
Unpacking /datalocal1/ti_components/cg_tools/linux/arp32_1.0.7/lib/src/assert.h
Unpacking /datalocal1/ti_components/cg_tools/linux/arp32_1.0.7/lib/src/_reg_mutex_api.h
Unpacking /datalocal1/ti_components/cg_tools/linux/arp32_1.0.7/lib/src/ctype.h
Unpacking /datalocal1/ti_components/cg_tools/linux/arp32_1.0.7/lib/src/errno.h
Unpacking /datalocal1/ti_components/cg_tools/linux/arp32_1.0.7/lib/src/file.h
Unpacking /datalocal1/ti_components/cg_tools/linux/arp32_1.0.7/lib/src/cpp_inline_math.h
Unpacking /datalocal1/ti_components/cg_tools/linux/arp32_1.0.7/lib/src/iso646.h
Unpacking /datalocal1/ti_components/cg_tools/linux/arp32_1.0.7/lib/src/locale.h
Unpacking /datalocal1/ti_components/cg_tools/linux/arp32_1.0.7/lib/src/inttypes.h
Unpacking /datalocal1/ti_components/cg_tools/linux/arp32_1.0.7/lib/src/setjmp.h
Unpacking /datalocal1/ti_components/cg_tools/linux/arp32_1.0.7/lib/src/stddef.h
Unpacking /datalocal1/ti_components/cg_tools/linux/arp32_1.0.7/lib/src/stdint.h
Unpacking /datalocal1/ti_components/cg_tools/linux/arp32_1.0.7/lib/src/stdio.h
Unpacking /datalocal1/ti_components/cg_tools/linux/arp32_1.0.7/lib/src/stdlib.h
Unpacking /datalocal1/ti_components/cg_tools/linux/arp32_1.0.7/lib/src/string.h
Unpacking /datalocal1/ti_components/cg_tools/linux/arp32_1.0.7/lib/src/time.h
Unpacking /datalocal1/ti_components/cg_tools/linux/arp32_1.0.7/lib/src/wchar.h
Unpacking /datalocal1/ti_components/cg_tools/linux/arp32_1.0.7/lib/src/wctype.h
Unpacking /datalocal1/ti_components/cg_tools/linux/arp32_1.0.7/lib/src/_dtor_list.h
Unpacking /datalocal1/ti_components/cg_tools/linux/arp32_1.0.7/lib/src/cargs.h
Unpacking /datalocal1/ti_components/cg_tools/linux/arp32_1.0.7/lib/src/format.h
Unpacking /datalocal1/ti_components/cg_tools/linux/arp32_1.0.7/lib/src/cpy_tbl.c
Unpacking /datalocal1/ti_components/cg_tools/linux/arp32_1.0.7/lib/src/ecvt.c
Unpacking /datalocal1/ti_components/cg_tools/linux/arp32_1.0.7/lib/src/exit.c
Unpacking /datalocal1/ti_components/cg_tools/linux/arp32_1.0.7/lib/src/fcvt.c
Unpacking /datalocal1/ti_components/cg_tools/linux/arp32_1.0.7/lib/src/memory.c
Unpacking /datalocal1/ti_components/cg_tools/linux/arp32_1.0.7/lib/src/_data_synch.c
Unpacking /datalocal1/ti_components/cg_tools/linux/arp32_1.0.7/lib/src/_io_perm.c
Unpacking /datalocal1/ti_components/cg_tools/linux/arp32_1.0.7/lib/src/_bufread.c
Unpacking /datalocal1/ti_components/cg_tools/linux/arp32_1.0.7/lib/src/_lock.c
Unpacking /datalocal1/ti_components/cg_tools/linux/arp32_1.0.7/lib/src/_mutex.c
Unpacking /datalocal1/ti_components/cg_tools/linux/arp32_1.0.7/lib/src/_printfi_min.c
Unpacking /datalocal1/ti_components/cg_tools/linux/arp32_1.0.7/lib/src/_pthread.c
Unpacking /datalocal1/ti_components/cg_tools/linux/arp32_1.0.7/lib/src/_printfi.c
Unpacking /datalocal1/ti_components/cg_tools/linux/arp32_1.0.7/lib/src/_printfi_nf.c
Unpacking /datalocal1/ti_components/cg_tools/linux/arp32_1.0.7/lib/src/_scanfi_min.c
Unpacking /datalocal1/ti_components/cg_tools/linux/arp32_1.0.7/lib/src/abs.c
Unpacking /datalocal1/ti_components/cg_tools/linux/arp32_1.0.7/lib/src/_scanfi.c
Unpacking /datalocal1/ti_components/cg_tools/linux/arp32_1.0.7/lib/src/_scanfi_nf.c
Unpacking /datalocal1/ti_components/cg_tools/linux/arp32_1.0.7/lib/src/_tvaltostr.c
Unpacking /datalocal1/ti_components/cg_tools/linux/arp32_1.0.7/lib/src/args_main.c
Unpacking /datalocal1/ti_components/cg_tools/linux/arp32_1.0.7/lib/src/atexit.c
Unpacking /datalocal1/ti_components/cg_tools/linux/arp32_1.0.7/lib/src/assert.c
Unpacking /datalocal1/ti_components/cg_tools/linux/arp32_1.0.7/lib/src/asctime.c
Unpacking /datalocal1/ti_components/cg_tools/linux/arp32_1.0.7/lib/src/atof.c
Unpacking /datalocal1/ti_components/cg_tools/linux/arp32_1.0.7/lib/src/atoi.c
Unpacking /datalocal1/ti_components/cg_tools/linux/arp32_1.0.7/lib/src/atol.c
Unpacking /datalocal1/ti_components/cg_tools/linux/arp32_1.0.7/lib/src/atoll.c
Unpacking /datalocal1/ti_components/cg_tools/linux/arp32_1.0.7/lib/src/clearerr.c
Unpacking /datalocal1/ti_components/cg_tools/linux/arp32_1.0.7/lib/src/clock.c
Unpacking /datalocal1/ti_components/cg_tools/linux/arp32_1.0.7/lib/src/bsearch.c
Unpacking /datalocal1/ti_components/cg_tools/linux/arp32_1.0.7/lib/src/ctime_.c
Unpacking /datalocal1/ti_components/cg_tools/linux/arp32_1.0.7/lib/src/ctype.c
Unpacking /datalocal1/ti_components/cg_tools/linux/arp32_1.0.7/lib/src/defs.c
Unpacking /datalocal1/ti_components/cg_tools/linux/arp32_1.0.7/lib/src/errno.c
Unpacking /datalocal1/ti_components/cg_tools/linux/arp32_1.0.7/lib/src/fclose.c
Unpacking /datalocal1/ti_components/cg_tools/linux/arp32_1.0.7/lib/src/difftime.c
Unpacking /datalocal1/ti_components/cg_tools/linux/arp32_1.0.7/lib/src/feof.c
Unpacking /datalocal1/ti_components/cg_tools/linux/arp32_1.0.7/lib/src/ferror.c
Unpacking /datalocal1/ti_components/cg_tools/linux/arp32_1.0.7/lib/src/fflush.c
Unpacking /datalocal1/ti_components/cg_tools/linux/arp32_1.0.7/lib/src/fgetc.c
Unpacking /datalocal1/ti_components/cg_tools/linux/arp32_1.0.7/lib/src/fgets.c
Unpacking /datalocal1/ti_components/cg_tools/linux/arp32_1.0.7/lib/src/fopen.c
Unpacking /datalocal1/ti_components/cg_tools/linux/arp32_1.0.7/lib/src/fgetpos.c
Unpacking /datalocal1/ti_components/cg_tools/linux/arp32_1.0.7/lib/src/fputc.c
Unpacking /datalocal1/ti_components/cg_tools/linux/arp32_1.0.7/lib/src/fputs.c
Unpacking /datalocal1/ti_components/cg_tools/linux/arp32_1.0.7/lib/src/fprintf.c
Unpacking /datalocal1/ti_components/cg_tools/linux/arp32_1.0.7/lib/src/fread.c
Unpacking /datalocal1/ti_components/cg_tools/linux/arp32_1.0.7/lib/src/fscanf.c
Unpacking /datalocal1/ti_components/cg_tools/linux/arp32_1.0.7/lib/src/fseek.c
Unpacking /datalocal1/ti_components/cg_tools/linux/arp32_1.0.7/lib/src/fsetpos.c
Unpacking /datalocal1/ti_components/cg_tools/linux/arp32_1.0.7/lib/src/ftell.c
Unpacking /datalocal1/ti_components/cg_tools/linux/arp32_1.0.7/lib/src/fwrite.c
Unpacking /datalocal1/ti_components/cg_tools/linux/arp32_1.0.7/lib/src/getenv.c
Unpacking /datalocal1/ti_components/cg_tools/linux/arp32_1.0.7/lib/src/gmtime.c
Unpacking /datalocal1/ti_components/cg_tools/linux/arp32_1.0.7/lib/src/imaxdiv.c
Unpacking /datalocal1/ti_components/cg_tools/linux/arp32_1.0.7/lib/src/isalnum.c
Unpacking /datalocal1/ti_components/cg_tools/linux/arp32_1.0.7/lib/src/imaxabs.c
Unpacking /datalocal1/ti_components/cg_tools/linux/arp32_1.0.7/lib/src/isascii.c
Unpacking /datalocal1/ti_components/cg_tools/linux/arp32_1.0.7/lib/src/iscntrl.c
Unpacking /datalocal1/ti_components/cg_tools/linux/arp32_1.0.7/lib/src/isalpha.c
Unpacking /datalocal1/ti_components/cg_tools/linux/arp32_1.0.7/lib/src/isgraph.c
Unpacking /datalocal1/ti_components/cg_tools/linux/arp32_1.0.7/lib/src/islower.c
Unpacking /datalocal1/ti_components/cg_tools/linux/arp32_1.0.7/lib/src/isdigit.c
Unpacking /datalocal1/ti_components/cg_tools/linux/arp32_1.0.7/lib/src/ispunct.c
Unpacking /datalocal1/ti_components/cg_tools/linux/arp32_1.0.7/lib/src/isspace.c
Unpacking /datalocal1/ti_components/cg_tools/linux/arp32_1.0.7/lib/src/isprint.c
Unpacking /datalocal1/ti_components/cg_tools/linux/arp32_1.0.7/lib/src/isxdigit.c
Unpacking /datalocal1/ti_components/cg_tools/linux/arp32_1.0.7/lib/src/localtim.c
Unpacking /datalocal1/ti_components/cg_tools/linux/arp32_1.0.7/lib/src/isupper.c
Unpacking /datalocal1/ti_components/cg_tools/linux/arp32_1.0.7/lib/src/lowlev.c
Unpacking /datalocal1/ti_components/cg_tools/linux/arp32_1.0.7/lib/src/ltoa.c
Unpacking /datalocal1/ti_components/cg_tools/linux/arp32_1.0.7/lib/src/memcmp.c
Unpacking /datalocal1/ti_components/cg_tools/linux/arp32_1.0.7/lib/src/memmov.c
Unpacking /datalocal1/ti_components/cg_tools/linux/arp32_1.0.7/lib/src/memchr.c
Unpacking /datalocal1/ti_components/cg_tools/linux/arp32_1.0.7/lib/src/memccpy.c
Unpacking /datalocal1/ti_components/cg_tools/linux/arp32_1.0.7/lib/src/mktime.c
Unpacking /datalocal1/ti_components/cg_tools/linux/arp32_1.0.7/lib/src/multibyte.c
Unpacking /datalocal1/ti_components/cg_tools/linux/arp32_1.0.7/lib/src/perror.c
Unpacking /datalocal1/ti_components/cg_tools/linux/arp32_1.0.7/lib/src/printf.c
Unpacking /datalocal1/ti_components/cg_tools/linux/arp32_1.0.7/lib/src/qsort.c
Unpacking /datalocal1/ti_components/cg_tools/linux/arp32_1.0.7/lib/src/rand.c
Unpacking /datalocal1/ti_components/cg_tools/linux/arp32_1.0.7/lib/src/remove.c
Unpacking /datalocal1/ti_components/cg_tools/linux/arp32_1.0.7/lib/src/rewind.c
Unpacking /datalocal1/ti_components/cg_tools/linux/arp32_1.0.7/lib/src/setbuf.c
Unpacking /datalocal1/ti_components/cg_tools/linux/arp32_1.0.7/lib/src/setlocale.c
Unpacking /datalocal1/ti_components/cg_tools/linux/arp32_1.0.7/lib/src/sinit.c
Unpacking /datalocal1/ti_components/cg_tools/linux/arp32_1.0.7/lib/src/snprintf.c
Unpacking /datalocal1/ti_components/cg_tools/linux/arp32_1.0.7/lib/src/setvbuf.c
Unpacking /datalocal1/ti_components/cg_tools/linux/arp32_1.0.7/lib/src/sscanf.c
Unpacking /datalocal1/ti_components/cg_tools/linux/arp32_1.0.7/lib/src/strcat.c
Unpacking /datalocal1/ti_components/cg_tools/linux/arp32_1.0.7/lib/src/sprintf.c
Unpacking /datalocal1/ti_components/cg_tools/linux/arp32_1.0.7/lib/src/strchr.c
Unpacking /datalocal1/ti_components/cg_tools/linux/arp32_1.0.7/lib/src/strcmp.c
Unpacking /datalocal1/ti_components/cg_tools/linux/arp32_1.0.7/lib/src/strcpy.c
Unpacking /datalocal1/ti_components/cg_tools/linux/arp32_1.0.7/lib/src/strftime.c
Unpacking /datalocal1/ti_components/cg_tools/linux/arp32_1.0.7/lib/src/strcoll.c
Unpacking /datalocal1/ti_components/cg_tools/linux/arp32_1.0.7/lib/src/strerror.c
Unpacking /datalocal1/ti_components/cg_tools/linux/arp32_1.0.7/lib/src/strcspn.c
Unpacking /datalocal1/ti_components/cg_tools/linux/arp32_1.0.7/lib/src/strlen.c
Unpacking /datalocal1/ti_components/cg_tools/linux/arp32_1.0.7/lib/src/strncmp.c
Unpacking /datalocal1/ti_components/cg_tools/linux/arp32_1.0.7/lib/src/strncpy.c
Unpacking /datalocal1/ti_components/cg_tools/linux/arp32_1.0.7/lib/src/strncat.c
Unpacking /datalocal1/ti_components/cg_tools/linux/arp32_1.0.7/lib/src/strrchr.c
Unpacking /datalocal1/ti_components/cg_tools/linux/arp32_1.0.7/lib/src/strspn.c
Unpacking /datalocal1/ti_components/cg_tools/linux/arp32_1.0.7/lib/src/strpbrk.c
Unpacking /datalocal1/ti_components/cg_tools/linux/arp32_1.0.7/lib/src/strstr.c
Unpacking /datalocal1/ti_components/cg_tools/linux/arp32_1.0.7/lib/src/strtod.c
Unpacking /datalocal1/ti_components/cg_tools/linux/arp32_1.0.7/lib/src/strtok.c
Unpacking /datalocal1/ti_components/cg_tools/linux/arp32_1.0.7/lib/src/strtol.c
Unpacking /datalocal1/ti_components/cg_tools/linux/arp32_1.0.7/lib/src/strtoll.c
Unpacking /datalocal1/ti_components/cg_tools/linux/arp32_1.0.7/lib/src/strtoul.c
Unpacking /datalocal1/ti_components/cg_tools/linux/arp32_1.0.7/lib/src/strtold.c
Unpacking /datalocal1/ti_components/cg_tools/linux/arp32_1.0.7/lib/src/strtoimax.c
Unpacking /datalocal1/ti_components/cg_tools/linux/arp32_1.0.7/lib/src/strxfrm.c
Unpacking /datalocal1/ti_components/cg_tools/linux/arp32_1.0.7/lib/src/strtoull.c
Unpacking /datalocal1/ti_components/cg_tools/linux/arp32_1.0.7/lib/src/strtoumax.c
Unpacking /datalocal1/ti_components/cg_tools/linux/arp32_1.0.7/lib/src/time.c
Unpacking /datalocal1/ti_components/cg_tools/linux/arp32_1.0.7/lib/src/tmzone.c
Unpacking /datalocal1/ti_components/cg_tools/linux/arp32_1.0.7/lib/src/tmpnam.c
Unpacking /datalocal1/ti_components/cg_tools/linux/arp32_1.0.7/lib/src/tmpfile.c
Unpacking /datalocal1/ti_components/cg_tools/linux/arp32_1.0.7/lib/src/toascii.c
Unpacking /datalocal1/ti_components/cg_tools/linux/arp32_1.0.7/lib/src/toupper.c
Unpacking /datalocal1/ti_components/cg_tools/linux/arp32_1.0.7/lib/src/trgdrv.c
Unpacking /datalocal1/ti_components/cg_tools/linux/arp32_1.0.7/lib/src/tolower.c
Unpacking /datalocal1/ti_components/cg_tools/linux/arp32_1.0.7/lib/src/ungetc.c
Unpacking /datalocal1/ti_components/cg_tools/linux/arp32_1.0.7/lib/src/vsnprintf.c
Unpacking /datalocal1/ti_components/cg_tools/linux/arp32_1.0.7/lib/src/vsprintf.c
Unpacking /datalocal1/ti_components/cg_tools/linux/arp32_1.0.7/lib/src/vfprintf.c
Unpacking /datalocal1/ti_components/cg_tools/linux/arp32_1.0.7/lib/src/vprintf.c
Unpacking /datalocal1/ti_components/cg_tools/linux/arp32_1.0.7/lib/src/wctype.c
Unpacking /datalocal1/ti_components/cg_tools/linux/arp32_1.0.7/lib/src/basics.h
Unpacking /datalocal1/ti_components/cg_tools/linux/arp32_1.0.7/lib/src/config.h
Unpacking /datalocal1/ti_components/cg_tools/linux/arp32_1.0.7/lib/src/cxxabi.h
Unpacking /datalocal1/ti_components/cg_tools/linux/arp32_1.0.7/lib/src/dtor_list.h
Unpacking /datalocal1/ti_components/cg_tools/linux/arp32_1.0.7/lib/src/eh.h
Unpacking /datalocal1/ti_components/cg_tools/linux/arp32_1.0.7/lib/src/defines.h
Unpacking /datalocal1/ti_components/cg_tools/linux/arp32_1.0.7/lib/src/error.h
Unpacking /datalocal1/ti_components/cg_tools/linux/arp32_1.0.7/lib/src/rtti.h
Unpacking /datalocal1/ti_components/cg_tools/linux/arp32_1.0.7/lib/src/runtime.h
Unpacking /datalocal1/ti_components/cg_tools/linux/arp32_1.0.7/lib/src/memzero.h
Unpacking /datalocal1/ti_components/cg_tools/linux/arp32_1.0.7/lib/src/vec_newdel.h
Unpacking /datalocal1/ti_components/cg_tools/linux/arp32_1.0.7/lib/src/vtbl.h
Unpacking /datalocal1/ti_components/cg_tools/linux/arp32_1.0.7/lib/src/newhandler.cpp
Unpacking /datalocal1/ti_components/cg_tools/linux/arp32_1.0.7/lib/src/rtti.cpp
Unpacking /datalocal1/ti_components/cg_tools/linux/arp32_1.0.7/lib/src/new_.cpp
Unpacking /datalocal1/ti_components/cg_tools/linux/arp32_1.0.7/lib/src/array_del.cpp
Unpacking /datalocal1/ti_components/cg_tools/linux/arp32_1.0.7/lib/src/array_new.cpp
Unpacking /datalocal1/ti_components/cg_tools/linux/arp32_1.0.7/lib/src/array_nodel.cpp
Unpacking /datalocal1/ti_components/cg_tools/linux/arp32_1.0.7/lib/src/array_nonew.cpp
Unpacking /datalocal1/ti_components/cg_tools/linux/arp32_1.0.7/lib/src/array_pdel.cpp
Unpacking /datalocal1/ti_components/cg_tools/linux/arp32_1.0.7/lib/src/array_pnew.cpp
Unpacking /datalocal1/ti_components/cg_tools/linux/arp32_1.0.7/lib/src/delete.cpp
Unpacking /datalocal1/ti_components/cg_tools/linux/arp32_1.0.7/lib/src/delnothrow.cpp
Unpacking /datalocal1/ti_components/cg_tools/linux/arp32_1.0.7/lib/src/dtor_list.cpp
Unpacking /datalocal1/ti_components/cg_tools/linux/arp32_1.0.7/lib/src/error.cpp
Unpacking /datalocal1/ti_components/cg_tools/linux/arp32_1.0.7/lib/src/guard.cpp
Unpacking /datalocal1/ti_components/cg_tools/linux/arp32_1.0.7/lib/src/memzero.cpp
Unpacking /datalocal1/ti_components/cg_tools/linux/arp32_1.0.7/lib/src/set_new.cpp
Unpacking /datalocal1/ti_components/cg_tools/linux/arp32_1.0.7/lib/src/typeinfo_.cpp
Unpacking /datalocal1/ti_components/cg_tools/linux/arp32_1.0.7/lib/src/newnothrow.cpp
Unpacking /datalocal1/ti_components/cg_tools/linux/arp32_1.0.7/lib/src/placedel.cpp
Unpacking /datalocal1/ti_components/cg_tools/linux/arp32_1.0.7/lib/src/placenew.cpp
Unpacking /datalocal1/ti_components/cg_tools/linux/arp32_1.0.7/lib/src/pure_virt.cpp
Unpacking /datalocal1/ti_components/cg_tools/linux/arp32_1.0.7/lib/src/vars.cpp
Unpacking /datalocal1/ti_components/cg_tools/linux/arp32_1.0.7/lib/src/vec_cctor.cpp
Unpacking /datalocal1/ti_components/cg_tools/linux/arp32_1.0.7/lib/src/addf.c
Unpacking /datalocal1/ti_components/cg_tools/linux/arp32_1.0.7/lib/src/cmpf.c
Unpacking /datalocal1/ti_components/cg_tools/linux/arp32_1.0.7/lib/src/cvtdf.c
Unpacking /datalocal1/ti_components/cg_tools/linux/arp32_1.0.7/lib/src/vec_newdel.cpp
Unpacking /datalocal1/ti_components/cg_tools/linux/arp32_1.0.7/lib/src/divf.c
Unpacking /datalocal1/ti_components/cg_tools/linux/arp32_1.0.7/lib/src/fixfi.c
Unpacking /datalocal1/ti_components/cg_tools/linux/arp32_1.0.7/lib/src/fixfli.c
Unpacking /datalocal1/ti_components/cg_tools/linux/arp32_1.0.7/lib/src/fixfu.c
Unpacking /datalocal1/ti_components/cg_tools/linux/arp32_1.0.7/lib/src/fixful.c
Unpacking /datalocal1/ti_components/cg_tools/linux/arp32_1.0.7/lib/src/fixflli.c
Unpacking /datalocal1/ti_components/cg_tools/linux/arp32_1.0.7/lib/src/fltif.c
Unpacking /datalocal1/ti_components/cg_tools/linux/arp32_1.0.7/lib/src/fltlif.c
Unpacking /datalocal1/ti_components/cg_tools/linux/arp32_1.0.7/lib/src/fixfull.c
Unpacking /datalocal1/ti_components/cg_tools/linux/arp32_1.0.7/lib/src/fltuf.c
Unpacking /datalocal1/ti_components/cg_tools/linux/arp32_1.0.7/lib/src/fltulf.c
Unpacking /datalocal1/ti_components/cg_tools/linux/arp32_1.0.7/lib/src/fltllif.c
Unpacking /datalocal1/ti_components/cg_tools/linux/arp32_1.0.7/lib/src/frcaddf.c
Unpacking /datalocal1/ti_components/cg_tools/linux/arp32_1.0.7/lib/src/frcdivf.c
Unpacking /datalocal1/ti_components/cg_tools/linux/arp32_1.0.7/lib/src/fltullf.c
Unpacking /datalocal1/ti_components/cg_tools/linux/arp32_1.0.7/lib/src/mpyf.c
Unpacking /datalocal1/ti_components/cg_tools/linux/arp32_1.0.7/lib/src/negf.c
Unpacking /datalocal1/ti_components/cg_tools/linux/arp32_1.0.7/lib/src/frcmpyf.c
Unpacking /datalocal1/ti_components/cg_tools/linux/arp32_1.0.7/lib/src/frcmpyf_div.c
Unpacking /datalocal1/ti_components/cg_tools/linux/arp32_1.0.7/lib/src/subf.c
Unpacking /datalocal1/ti_components/cg_tools/linux/arp32_1.0.7/lib/src/xmath.h
Unpacking /datalocal1/ti_components/cg_tools/linux/arp32_1.0.7/lib/src/renormf.c
Unpacking /datalocal1/ti_components/cg_tools/linux/arp32_1.0.7/lib/src/xxxexp.h
Unpacking /datalocal1/ti_components/cg_tools/linux/arp32_1.0.7/lib/src/xxxsin.h
Unpacking /datalocal1/ti_components/cg_tools/linux/arp32_1.0.7/lib/src/xxdftype.h
Unpacking /datalocal1/ti_components/cg_tools/linux/arp32_1.0.7/lib/src/xxfftype.h
Unpacking /datalocal1/ti_components/cg_tools/linux/arp32_1.0.7/lib/src/xxlftype.h
Unpacking /datalocal1/ti_components/cg_tools/linux/arp32_1.0.7/lib/src/xxxcosh.h
Unpacking /datalocal1/ti_components/cg_tools/linux/arp32_1.0.7/lib/src/xxhypot.h
Unpacking /datalocal1/ti_components/cg_tools/linux/arp32_1.0.7/lib/src/xxxhypot.h
Unpacking /datalocal1/ti_components/cg_tools/linux/arp32_1.0.7/lib/src/xxxsinh.h
Unpacking /datalocal1/ti_components/cg_tools/linux/arp32_1.0.7/lib/src/xxxpoly.h
Unpacking /datalocal1/ti_components/cg_tools/linux/arp32_1.0.7/lib/src/xsin.c
Unpacking /datalocal1/ti_components/cg_tools/linux/arp32_1.0.7/lib/src/xxlog1p.h
Unpacking /datalocal1/ti_components/cg_tools/linux/arp32_1.0.7/lib/src/xfsin.c
Unpacking /datalocal1/ti_components/cg_tools/linux/arp32_1.0.7/lib/src/xlsin.c
Unpacking /datalocal1/ti_components/cg_tools/linux/arp32_1.0.7/lib/src/xsinh.c
Unpacking /datalocal1/ti_components/cg_tools/linux/arp32_1.0.7/lib/src/xfsinh.c
Unpacking /datalocal1/ti_components/cg_tools/linux/arp32_1.0.7/lib/src/xlsinh.c
Unpacking /datalocal1/ti_components/cg_tools/linux/arp32_1.0.7/lib/src/xcosh.c
Unpacking /datalocal1/ti_components/cg_tools/linux/arp32_1.0.7/lib/src/xfcosh.c
Unpacking /datalocal1/ti_components/cg_tools/linux/arp32_1.0.7/lib/src/xlcosh.c
Unpacking /datalocal1/ti_components/cg_tools/linux/arp32_1.0.7/lib/src/xexp.c
Unpacking /datalocal1/ti_components/cg_tools/linux/arp32_1.0.7/lib/src/xfexp.c
Unpacking /datalocal1/ti_components/cg_tools/linux/arp32_1.0.7/lib/src/xlexp.c
Unpacking /datalocal1/ti_components/cg_tools/linux/arp32_1.0.7/lib/src/xdtest.c
Unpacking /datalocal1/ti_components/cg_tools/linux/arp32_1.0.7/lib/src/xldtest.c
Unpacking /datalocal1/ti_components/cg_tools/linux/arp32_1.0.7/lib/src/xdscale.c
Unpacking /datalocal1/ti_components/cg_tools/linux/arp32_1.0.7/lib/src/xfdtest.c
Unpacking /datalocal1/ti_components/cg_tools/linux/arp32_1.0.7/lib/src/xdnorm.c
Unpacking /datalocal1/ti_components/cg_tools/linux/arp32_1.0.7/lib/src/xfdnorm.c
Unpacking /datalocal1/ti_components/cg_tools/linux/arp32_1.0.7/lib/src/xfdscale.c
Unpacking /datalocal1/ti_components/cg_tools/linux/arp32_1.0.7/lib/src/xldscale.c
Unpacking /datalocal1/ti_components/cg_tools/linux/arp32_1.0.7/lib/src/xvalues.c
Unpacking /datalocal1/ti_components/cg_tools/linux/arp32_1.0.7/lib/src/xfvalues.c
Unpacking /datalocal1/ti_components/cg_tools/linux/arp32_1.0.7/lib/src/xldnorm.c
Unpacking /datalocal1/ti_components/cg_tools/linux/arp32_1.0.7/lib/src/xhypot.c
Unpacking /datalocal1/ti_components/cg_tools/linux/arp32_1.0.7/lib/src/xfhypot.c
Unpacking /datalocal1/ti_components/cg_tools/linux/arp32_1.0.7/lib/src/xlvalues.c
Unpacking /datalocal1/ti_components/cg_tools/linux/arp32_1.0.7/lib/src/xferaise.c
Unpacking /datalocal1/ti_components/cg_tools/linux/arp32_1.0.7/lib/src/hypot.c
Unpacking /datalocal1/ti_components/cg_tools/linux/arp32_1.0.7/lib/src/hypotf.c
Unpacking /datalocal1/ti_components/cg_tools/linux/arp32_1.0.7/lib/src/xlhypot.c
Unpacking /datalocal1/ti_components/cg_tools/linux/arp32_1.0.7/lib/src/hypotl.c
Unpacking /datalocal1/ti_components/cg_tools/linux/arp32_1.0.7/lib/src/log1p.c
Unpacking /datalocal1/ti_components/cg_tools/linux/arp32_1.0.7/lib/src/log1pf.c
Unpacking /datalocal1/ti_components/cg_tools/linux/arp32_1.0.7/lib/src/log1pl.c
Unpacking /datalocal1/ti_components/cg_tools/linux/arp32_1.0.7/lib/src/xpoly.c
Unpacking /datalocal1/ti_components/cg_tools/linux/arp32_1.0.7/lib/src/xfpoly.c
Unpacking /datalocal1/ti_components/cg_tools/linux/arp32_1.0.7/lib/src/xlpoly.c
Unpacking /datalocal1/ti_components/cg_tools/linux/arp32_1.0.7/lib/src/longdouble_config.h
Unpacking /datalocal1/ti_components/cg_tools/linux/arp32_1.0.7/lib/src/modf.c
Unpacking /datalocal1/ti_components/cg_tools/linux/arp32_1.0.7/lib/src/modff.c
Unpacking /datalocal1/ti_components/cg_tools/linux/arp32_1.0.7/lib/src/modfl.c
Unpacking /datalocal1/ti_components/cg_tools/linux/arp32_1.0.7/lib/src/vcop/vcop.h
Unpacking /datalocal1/ti_components/cg_tools/linux/arp32_1.0.7/man/man1/cl-arp32.1
Unpacking /datalocal1/ti_components/cg_tools/linux/arp32_1.0.7/man/man1/dem-arp32.1
Unpacking /datalocal1/ti_components/cg_tools/linux/arp32_1.0.7/man/man1/ilk-arp32.1
Unpacking /datalocal1/ti_components/cg_tools/linux/arp32_1.0.7/man/man1/libinfo-arp32.1
Unpacking /datalocal1/ti_components/cg_tools/linux/arp32_1.0.7/man/man1/abs-arp32.1
Unpacking /datalocal1/ti_components/cg_tools/linux/arp32_1.0.7/man/man1/vcc-arp32.1
Unpacking /datalocal1/ti_components/cg_tools/linux/arp32_1.0.7/man/man1/embed-arp32.1
Unpacking /datalocal1/ti_components/cg_tools/linux/arp32_1.0.7/man/man1/xref-arp32.1
Unpacking /datalocal1/ti_components/cg_tools/linux/arp32_1.0.7/man/man1/nm-arp32.1
Unpacking /datalocal1/ti_components/cg_tools/linux/arp32_1.0.7/man/man1/asm-arp32.1
Unpacking /datalocal1/ti_components/cg_tools/linux/arp32_1.0.7/man/man1/dis-arp32.1
Unpacking /datalocal1/ti_components/cg_tools/linux/arp32_1.0.7/man/man1/hex-arp32.1
Unpacking /datalocal1/ti_components/cg_tools/linux/arp32_1.0.7/man/man1/opt-arp32.1
Unpacking /datalocal1/ti_components/cg_tools/linux/arp32_1.0.7/man/man1/strip-arp32.1
Unpacking /datalocal1/ti_components/cg_tools/linux/arp32_1.0.7/man/man1/ofd-arp32.1
Unpacking /datalocal1/ti_components/cg_tools/linux/arp32_1.0.7/man/man1/acpia-arp32.1
Unpacking /datalocal1/ti_components/cg_tools/linux/arp32_1.0.7/man/man1/lnk-arp32.1
Unpacking /datalocal1/ti_components/cg_tools/linux/arp32_1.0.7/man/man1/cg-arp32.1
Creating Uninstaller
Creating uninstaller 25%
Creating uninstaller 50%
Creating uninstaller 75%
Creating uninstaller 100%
Installation completed
Log finished 10/08/2015 at 09:34:41
